<?xml version="1.0" encoding="UTF-8"?>
<!-- Generated by org.testng.reporters.JUnitReportReporter -->
<testsuite hostname="TYSS-Tejal-Ravindra-Borase" failures="0" tests="2" name="org.jsp.parallel_execution.SearchTestCase" time="16.828" errors="0" timestamp="2025-01-29T18:25:17 IST" skipped="0">
  <testcase classname="org.jsp.parallel_execution.SearchTestCase" name="search" time="4.786"/>
  <system-out/>
  <testcase classname="org.jsp.parallel_execution.SearchTestCase" name="search" time="12.042"/>
  <system-out/>
</testsuite> <!-- org.jsp.parallel_execution.SearchTestCase -->
