<?xml version="1.0" encoding="UTF-8"?>
<!-- Generated by org.testng.reporters.JUnitReportReporter -->
<testsuite hostname="TYSS-Tejal-Ravindra-Borase" failures="0" tests="4" name="org.jsp.helper_attributes.UsageOfDependsOn" time="0.046" errors="0" timestamp="2025-01-21T15:18:41 IST" skipped="0">
  <testcase classname="org.jsp.helper_attributes.UsageOfDependsOn" name="login" time="0.005"/>
  <system-out/>
  <testcase classname="org.jsp.helper_attributes.UsageOfDependsOn" name="search" time="0.005"/>
  <system-out/>
  <testcase classname="org.jsp.helper_attributes.UsageOfDependsOn" name="subscribe" time="0.004"/>
  <system-out/>
  <testcase classname="org.jsp.helper_attributes.UsageOfDependsOn" name="register" time="0.032"/>
  <system-out/>
</testsuite> <!-- org.jsp.helper_attributes.UsageOfDependsOn -->
