<?xml version="1.0" encoding="UTF-8"?>
<!-- Generated by org.testng.reporters.JUnitReportReporter -->
<testsuite hostname="TYSS-Tejal-Ravindra-Borase" failures="0" tests="2" name="org.jsp.data_provider.DataProvider_Diff_Class" time="0.040" errors="0" timestamp="2025-01-22T11:07:11 IST" skipped="0">
  <testcase classname="org.jsp.data_provider.DataProvider_Diff_Class" name="getData" time="0.029"/>
  <system-out/>
  <testcase classname="org.jsp.data_provider.DataProvider_Diff_Class" name="getData" time="0.011"/>
  <system-out/>
</testsuite> <!-- org.jsp.data_provider.DataProvider_Diff_Class -->
