<?xml version="1.0" encoding="UTF-8"?>
<!-- Generated by org.testng.reporters.JUnitReportReporter -->
<testsuite hostname="TYSS-Tejal-Ravindra-Borase" failures="0" tests="1" name="org.jsp.test_cases.SearchTestCase" time="4.738" errors="0" timestamp="2025-01-21T13:00:30 IST" skipped="0">
  <testcase classname="org.jsp.test_cases.SearchTestCase" name="search" time="4.738"/>
  <system-out/>
</testsuite> <!-- org.jsp.test_cases.SearchTestCase -->
