<?xml version="1.0" encoding="UTF-8"?>
<!-- Generated by org.testng.reporters.JUnitReportReporter -->
<testsuite hostname="TYSS-Tejal-Ravindra-Borase" failures="0" tests="1" name="org.jsp.groups_helper_attribute.DemoWebApp2" time="0.022" errors="0" timestamp="2025-01-21T17:46:33 IST" skipped="0">
  <testcase classname="org.jsp.groups_helper_attribute.DemoWebApp2" name="subscribeOperation" time="0.022"/>
  <system-out/>
</testsuite> <!-- org.jsp.groups_helper_attribute.DemoWebApp2 -->
