<?xml version="1.0" encoding="UTF-8"?>
<!-- Generated by org.testng.reporters.JUnitReportReporter -->
<testsuite hostname="TYSS-Tejal-Ravindra-Borase" failures="0" tests="4" name="org.jsp.helper_attributes.UsageOfPriority" time="0.043" errors="0" timestamp="2025-01-21T15:15:57 IST" skipped="0">
  <testcase classname="org.jsp.helper_attributes.UsageOfPriority" name="register" time="0.025"/>
  <system-out/>
  <testcase classname="org.jsp.helper_attributes.UsageOfPriority" name="login" time="0.003"/>
  <system-out/>
  <testcase classname="org.jsp.helper_attributes.UsageOfPriority" name="subscribe" time="0.005"/>
  <system-out/>
  <testcase classname="org.jsp.helper_attributes.UsageOfPriority" name="search" time="0.010"/>
  <system-out/>
</testsuite> <!-- org.jsp.helper_attributes.UsageOfPriority -->
