<?xml version="1.0" encoding="UTF-8"?>
<!-- Generated by org.testng.reporters.JUnitReportReporter -->
<testsuite hostname="TYSS-Tejal-Ravindra-Borase" failures="0" tests="2" name="org.jsp.basic.FirstDemo" time="0.039" errors="0" timestamp="2025-01-21T12:46:09 IST" skipped="0">
  <testcase classname="org.jsp.basic.FirstDemo" name="sleep" time="0.014"/>
  <system-out/>
  <testcase classname="org.jsp.basic.FirstDemo" name="run" time="0.025"/>
  <system-out>
    <![CDATA[Run]]>
  </system-out>
</testsuite> <!-- org.jsp.basic.FirstDemo -->
