<?xml version="1.0" encoding="UTF-8"?>
<!-- Generated by org.testng.reporters.JUnitReportReporter -->
<testsuite hostname="TYSS-Tejal-Ravindra-Borase" failures="0" tests="2" name="org.jsp.data_provider.Working_with_flipkart" time="41.785" errors="0" timestamp="2025-01-22T11:05:46 IST" skipped="0">
  <testcase classname="org.jsp.data_provider.Working_with_flipkart" name="searchProduct" time="34.451"/>
  <system-out/>
  <testcase classname="org.jsp.data_provider.Working_with_flipkart" name="searchProduct" time="7.334"/>
  <system-out/>
</testsuite> <!-- org.jsp.data_provider.Working_with_flipkart -->
