<?xml version="1.0" encoding="UTF-8"?>
<!-- Generated by org.testng.reporters.JUnitReportReporter -->
<testsuite hostname="TYSS-Tejal-Ravindra-Borase" failures="0" tests="1" name="org.jsp.test_cases.SubscribeTestCase" time="5.382" errors="0" timestamp="2025-01-21T13:00:30 IST" skipped="0">
  <testcase classname="org.jsp.test_cases.SubscribeTestCase" name="subscribe" time="5.382"/>
  <system-out/>
</testsuite> <!-- org.jsp.test_cases.SubscribeTestCase -->
