<?xml version="1.0" encoding="UTF-8"?>
<!-- Generated by org.testng.reporters.JUnitReportReporter -->
<testsuite hostname="TYSS-Tejal-Ravindra-Borase" failures="0" tests="2" name="org.jsp.parameterization.Working_With_Parameters" time="9.071" errors="0" timestamp="2025-01-29T17:57:07 IST" skipped="0">
  <testcase classname="org.jsp.parameterization.Working_With_Parameters" name="add" time="4.502"/>
  <system-out/>
  <testcase classname="org.jsp.parameterization.Working_With_Parameters" name="search" time="4.569"/>
  <system-out/>
</testsuite> <!-- org.jsp.parameterization.Working_With_Parameters -->
