<?xml version="1.0" encoding="UTF-8"?>
<!-- Generated by org.testng.reporters.JUnitReportReporter -->
<testsuite hostname="TYSS-Tejal-Ravindra-Borase" failures="0" tests="1" name="org.jsp.configuration_annotations.DemoWebApp" time="7.958" errors="0" timestamp="2025-01-21T17:05:41 IST" skipped="0">
  <testcase classname="org.jsp.configuration_annotations.DemoWebApp" name="flightTickets" time="7.958"/>
  <system-out/>
</testsuite> <!-- org.jsp.configuration_annotations.DemoWebApp -->
