<?xml version="1.0" encoding="UTF-8"?>
<!-- Generated by org.testng.reporters.JUnitReportReporter -->
<testsuite hostname="TYSS-Tejal-Ravindra-Borase" failures="0" tests="2" name="org.jsp.helper_attributes.UsageOfThreadPoolAndInvocationCount" time="9.746" errors="0" timestamp="2025-01-21T15:28:28 IST" skipped="0">
  <testcase classname="org.jsp.helper_attributes.UsageOfThreadPoolAndInvocationCount" name="register" time="4.226"/>
  <system-out/>
  <testcase classname="org.jsp.helper_attributes.UsageOfThreadPoolAndInvocationCount" name="register" time="5.520"/>
  <system-out/>
</testsuite> <!-- org.jsp.helper_attributes.UsageOfThreadPoolAndInvocationCount -->
