<?xml version="1.0" encoding="UTF-8"?>
<!-- Generated by org.testng.reporters.JUnitReportReporter -->
<testsuite hostname="TYSS-Tejal-Ravindra-Borase" failures="0" tests="2" name="org.jsp.data_provider.Basic_Example" time="0.033" errors="0" timestamp="2025-01-22T10:57:42 IST" skipped="0">
  <testcase classname="org.jsp.data_provider.Basic_Example" name="getData" time="0.028"/>
  <system-out/>
  <testcase classname="org.jsp.data_provider.Basic_Example" name="getData" time="0.005"/>
  <system-out/>
</testsuite> <!-- org.jsp.data_provider.Basic_Example -->
