<?xml version="1.0" encoding="UTF-8"?>
<!-- Generated by org.testng.reporters.JUnitReportReporter -->
<testsuite hostname="TYSS-Tejal-Ravindra-Borase" failures="0" tests="2" name="org.jsp.parallel_execution.SubscribeTestCase" time="16.297" errors="0" timestamp="2025-01-29T18:25:17 IST" skipped="0">
  <testcase classname="org.jsp.parallel_execution.SubscribeTestCase" name="subscribe" time="8.489"/>
  <system-out/>
  <testcase classname="org.jsp.parallel_execution.SubscribeTestCase" name="subscribe" time="7.808"/>
  <system-out/>
</testsuite> <!-- org.jsp.parallel_execution.SubscribeTestCase -->
